SF:lib/pages/home.dart
DA:7,1
DA:9,1
DA:10,1
DA:11,2
DA:13,1
DA:14,1
DA:16,1
DA:17,0
DA:23,0
DA:24,0
DA:25,0
DA:27,0
DA:28,0
LF:13
LH:7
end_of_record
SF:lib/setup/login.dart
DA:7,0
DA:10,0
DA:11,0
DA:19,0
DA:21,0
DA:22,0
DA:23,0
DA:26,0
DA:27,0
DA:28,0
DA:29,0
DA:30,0
DA:31,0
DA:33,0
DA:34,0
DA:35,0
DA:36,0
DA:37,0
DA:38,0
DA:41,0
DA:42,0
DA:43,0
DA:45,0
DA:46,0
DA:47,0
DA:48,0
DA:49,0
DA:52,0
DA:55,0
DA:58,0
DA:60,0
DA:61,0
DA:63,0
DA:64,0
DA:65,0
DA:67,0
DA:71,0
DA:73,0
DA:74,0
DA:75,0
DA:77,0
DA:80,0
DA:93,0
DA:94,0
DA:95,0
DA:96,0
DA:97,0
DA:98,0
DA:101,0
DA:102,0
DA:103,0
DA:107,0
DA:108,0
LF:53
LH:0
end_of_record
SF:lib/setup/signup.dart
DA:7,2
DA:10,1
DA:11,1
DA:19,1
DA:21,1
DA:22,1
DA:23,2
DA:25,1
DA:26,1
DA:27,1
DA:28,1
DA:29,1
DA:30,1
DA:32,1
DA:33,1
DA:34,1
DA:35,0
DA:36,0
DA:37,0
DA:40,0
DA:41,0
DA:42,0
DA:44,1
DA:45,1
DA:46,0
DA:47,0
DA:48,0
DA:51,0
DA:54,0
DA:57,1
DA:59,1
DA:60,1
DA:62,1
DA:63,0
DA:64,0
DA:66,1
DA:70,1
DA:72,1
DA:73,0
DA:74,0
DA:76,0
DA:79,1
DA:92,0
DA:93,0
DA:94,0
DA:95,0
DA:96,0
DA:97,0
DA:100,0
DA:101,0
DA:102,0
DA:106,0
DA:107,0
LF:53
LH:26
end_of_record
